{"/Users/sylvain/Projects/manati/lib/delete.js":{"path":"/Users/sylvain/Projects/manati/lib/delete.js","s":{"1":1,"2":1,"3":1,"4":2,"5":2,"6":2,"7":2,"8":2,"9":1,"10":1,"11":1,"12":1,"13":0,"14":0,"15":0,"16":1},"b":{"1":[1,1]},"f":{"1":2,"2":2,"3":0},"fnMap":{"1":{"name":"(anonymous_1)","line":25,"loc":{"start":{"line":25,"column":26},"end":{"line":25,"column":26}}},"2":{"name":"(anonymous_2)","line":30,"loc":{"start":{"line":30,"column":23},"end":{"line":30,"column":23}}},"3":{"name":"(anonymous_3)","line":47,"loc":{"start":{"line":47,"column":23},"end":{"line":47,"column":23}}}},"statementMap":{"1":{"start":{"line":20,"column":0},"end":{"line":20,"column":26}},"2":{"start":{"line":21,"column":0},"end":{"line":21,"column":40}},"3":{"start":{"line":22,"column":0},"end":{"line":22,"column":27}},"4":{"start":{"line":26,"column":4},"end":{"line":26,"column":17}},"5":{"start":{"line":27,"column":4},"end":{"line":27,"column":25}},"6":{"start":{"line":31,"column":4},"end":{"line":31,"column":51}},"7":{"start":{"line":33,"column":4},"end":{"line":33,"column":33}},"8":{"start":{"line":35,"column":4},"end":{"line":38,"column":5}},"9":{"start":{"line":36,"column":6},"end":{"line":37,"column":35}},"10":{"start":{"line":40,"column":4},"end":{"line":40,"column":63}},"11":{"start":{"line":42,"column":4},"end":{"line":42,"column":25}},"12":{"start":{"line":44,"column":4},"end":{"line":44,"column":17}},"13":{"start":{"line":48,"column":4},"end":{"line":48,"column":52}},"14":{"start":{"line":50,"column":4},"end":{"line":50,"column":29}},"15":{"start":{"line":52,"column":4},"end":{"line":52,"column":49}},"16":{"start":{"line":56,"column":0},"end":{"line":56,"column":24}}},"branchMap":{"1":{"line":35,"type":"if","locations":[{"start":{"line":35,"column":4},"end":{"line":35,"column":4}},{"start":{"line":35,"column":4},"end":{"line":35,"column":4}}]}}},"/Users/sylvain/Projects/manati/lib/queryBuilder.js":{"path":"/Users/sylvain/Projects/manati/lib/queryBuilder.js","s":{"1":1,"2":1,"3":1,"4":1,"5":1,"6":1,"7":29,"8":0,"9":0,"10":29,"11":1,"12":29,"13":29,"14":13,"15":13,"16":29,"17":16,"18":16,"19":3,"20":3,"21":1,"22":1,"23":1,"24":1,"25":1,"26":1,"27":0,"28":0,"29":1,"30":1,"31":1,"32":1,"33":1,"34":1,"35":2,"36":2,"37":2,"38":2,"39":1,"40":0,"41":28,"42":1,"43":8,"44":16,"45":16,"46":16,"47":16,"48":0,"49":16,"50":16,"51":8,"52":1,"53":1,"54":1,"55":1},"b":{"1":[0,29],"2":[13,16],"3":[16,3,1,1,1,0,1,1,1,2,1,2,1],"4":[0,16]},"f":{"1":1,"2":29,"3":29,"4":8},"fnMap":{"1":{"name":"(anonymous_1)","line":25,"loc":{"start":{"line":25,"column":35},"end":{"line":25,"column":53}}},"2":{"name":"(anonymous_2)","line":29,"loc":{"start":{"line":29,"column":22},"end":{"line":29,"column":38}}},"3":{"name":"(anonymous_3)","line":39,"loc":{"start":{"line":39,"column":21},"end":{"line":39,"column":54}}},"4":{"name":"(anonymous_4)","line":93,"loc":{"start":{"line":93,"column":27},"end":{"line":93,"column":54}}}},"statementMap":{"1":{"start":{"line":20,"column":0},"end":{"line":20,"column":52}},"2":{"start":{"line":21,"column":0},"end":{"line":21,"column":26}},"3":{"start":{"line":23,"column":0},"end":{"line":23,"column":28}},"4":{"start":{"line":25,"column":0},"end":{"line":27,"column":3}},"5":{"start":{"line":26,"column":2},"end":{"line":26,"column":32}},"6":{"start":{"line":29,"column":0},"end":{"line":37,"column":2}},"7":{"start":{"line":31,"column":2},"end":{"line":34,"column":3}},"8":{"start":{"line":32,"column":4},"end":{"line":32,"column":33}},"9":{"start":{"line":33,"column":4},"end":{"line":33,"column":45}},"10":{"start":{"line":36,"column":2},"end":{"line":36,"column":14}},"11":{"start":{"line":39,"column":0},"end":{"line":91,"column":2}},"12":{"start":{"line":40,"column":2},"end":{"line":40,"column":31}},"13":{"start":{"line":42,"column":2},"end":{"line":45,"column":3}},"14":{"start":{"line":43,"column":4},"end":{"line":43,"column":21}},"15":{"start":{"line":44,"column":4},"end":{"line":44,"column":20}},"16":{"start":{"line":47,"column":2},"end":{"line":85,"column":3}},"17":{"start":{"line":49,"column":6},"end":{"line":49,"column":21}},"18":{"start":{"line":50,"column":6},"end":{"line":50,"column":12}},"19":{"start":{"line":52,"column":6},"end":{"line":52,"column":21}},"20":{"start":{"line":53,"column":6},"end":{"line":53,"column":12}},"21":{"start":{"line":55,"column":6},"end":{"line":55,"column":22}},"22":{"start":{"line":56,"column":6},"end":{"line":56,"column":12}},"23":{"start":{"line":58,"column":6},"end":{"line":58,"column":21}},"24":{"start":{"line":59,"column":6},"end":{"line":59,"column":12}},"25":{"start":{"line":61,"column":6},"end":{"line":61,"column":22}},"26":{"start":{"line":62,"column":6},"end":{"line":62,"column":12}},"27":{"start":{"line":64,"column":6},"end":{"line":64,"column":22}},"28":{"start":{"line":65,"column":6},"end":{"line":65,"column":12}},"29":{"start":{"line":67,"column":6},"end":{"line":67,"column":24}},"30":{"start":{"line":68,"column":6},"end":{"line":68,"column":39}},"31":{"start":{"line":69,"column":6},"end":{"line":69,"column":12}},"32":{"start":{"line":71,"column":6},"end":{"line":71,"column":25}},"33":{"start":{"line":72,"column":6},"end":{"line":72,"column":39}},"34":{"start":{"line":73,"column":6},"end":{"line":73,"column":12}},"35":{"start":{"line":76,"column":6},"end":{"line":76,"column":22}},"36":{"start":{"line":77,"column":6},"end":{"line":77,"column":12}},"37":{"start":{"line":80,"column":6},"end":{"line":80,"column":22}},"38":{"start":{"line":81,"column":6},"end":{"line":81,"column":12}},"39":{"start":{"line":83,"column":6},"end":{"line":83,"column":54}},"40":{"start":{"line":84,"column":6},"end":{"line":84,"column":12}},"41":{"start":{"line":87,"column":2},"end":{"line":90,"column":4}},"42":{"start":{"line":93,"column":0},"end":{"line":112,"column":2}},"43":{"start":{"line":94,"column":2},"end":{"line":109,"column":19}},"44":{"start":{"line":95,"column":4},"end":{"line":95,"column":55}},"45":{"start":{"line":97,"column":4},"end":{"line":97,"column":37}},"46":{"start":{"line":99,"column":4},"end":{"line":99,"column":36}},"47":{"start":{"line":101,"column":4},"end":{"line":104,"column":5}},"48":{"start":{"line":102,"column":6},"end":{"line":103,"column":53}},"49":{"start":{"line":106,"column":4},"end":{"line":106,"column":55}},"50":{"start":{"line":108,"column":4},"end":{"line":108,"column":56}},"51":{"start":{"line":111,"column":2},"end":{"line":111,"column":14}},"52":{"start":{"line":114,"column":0},"end":{"line":114,"column":29}},"53":{"start":{"line":115,"column":0},"end":{"line":115,"column":49}},"54":{"start":{"line":116,"column":0},"end":{"line":116,"column":47}},"55":{"start":{"line":117,"column":0},"end":{"line":117,"column":59}}},"branchMap":{"1":{"line":31,"type":"if","locations":[{"start":{"line":31,"column":2},"end":{"line":31,"column":2}},{"start":{"line":31,"column":2},"end":{"line":31,"column":2}}]},"2":{"line":42,"type":"if","locations":[{"start":{"line":42,"column":2},"end":{"line":42,"column":2}},{"start":{"line":42,"column":2},"end":{"line":42,"column":2}}]},"3":{"line":47,"type":"switch","locations":[{"start":{"line":48,"column":4},"end":{"line":50,"column":12}},{"start":{"line":51,"column":4},"end":{"line":53,"column":12}},{"start":{"line":54,"column":4},"end":{"line":56,"column":12}},{"start":{"line":57,"column":4},"end":{"line":59,"column":12}},{"start":{"line":60,"column":4},"end":{"line":62,"column":12}},{"start":{"line":63,"column":4},"end":{"line":65,"column":12}},{"start":{"line":66,"column":4},"end":{"line":69,"column":12}},{"start":{"line":70,"column":4},"end":{"line":73,"column":12}},{"start":{"line":74,"column":4},"end":{"line":74,"column":18}},{"start":{"line":75,"column":4},"end":{"line":77,"column":12}},{"start":{"line":78,"column":4},"end":{"line":78,"column":17}},{"start":{"line":79,"column":4},"end":{"line":81,"column":12}},{"start":{"line":82,"column":4},"end":{"line":84,"column":12}}]},"4":{"line":101,"type":"if","locations":[{"start":{"line":101,"column":4},"end":{"line":101,"column":4}},{"start":{"line":101,"column":4},"end":{"line":101,"column":4}}]}}},"/Users/sylvain/Projects/manati/lib/errorHandler.js":{"path":"/Users/sylvain/Projects/manati/lib/errorHandler.js","s":{"1":1,"2":1,"3":4,"4":4,"5":4,"6":0,"7":4,"8":1,"9":3,"10":0,"11":3,"12":0,"13":3,"14":1,"15":2,"16":1,"17":1},"b":{"1":[0,4],"2":[1,3],"3":[0,3],"4":[0,3],"5":[1,2],"6":[1,1]},"f":{"1":4},"fnMap":{"1":{"name":"(anonymous_1)","line":22,"loc":{"start":{"line":22,"column":17},"end":{"line":22,"column":32}}}},"statementMap":{"1":{"start":{"line":20,"column":0},"end":{"line":20,"column":27}},"2":{"start":{"line":22,"column":0},"end":{"line":52,"column":2}},"3":{"start":{"line":23,"column":2},"end":{"line":23,"column":12}},"4":{"start":{"line":24,"column":2},"end":{"line":24,"column":22}},"5":{"start":{"line":26,"column":2},"end":{"line":28,"column":3}},"6":{"start":{"line":27,"column":4},"end":{"line":27,"column":109}},"7":{"start":{"line":30,"column":2},"end":{"line":33,"column":3}},"8":{"start":{"line":32,"column":4},"end":{"line":32,"column":52}},"9":{"start":{"line":35,"column":2},"end":{"line":37,"column":3}},"10":{"start":{"line":36,"column":4},"end":{"line":36,"column":40}},"11":{"start":{"line":39,"column":2},"end":{"line":41,"column":3}},"12":{"start":{"line":40,"column":4},"end":{"line":40,"column":40}},"13":{"start":{"line":43,"column":2},"end":{"line":45,"column":3}},"14":{"start":{"line":44,"column":4},"end":{"line":44,"column":40}},"15":{"start":{"line":47,"column":2},"end":{"line":49,"column":3}},"16":{"start":{"line":48,"column":4},"end":{"line":48,"column":49}},"17":{"start":{"line":51,"column":2},"end":{"line":51,"column":107}}},"branchMap":{"1":{"line":26,"type":"if","locations":[{"start":{"line":26,"column":2},"end":{"line":26,"column":2}},{"start":{"line":26,"column":2},"end":{"line":26,"column":2}}]},"2":{"line":30,"type":"if","locations":[{"start":{"line":30,"column":2},"end":{"line":30,"column":2}},{"start":{"line":30,"column":2},"end":{"line":30,"column":2}}]},"3":{"line":35,"type":"if","locations":[{"start":{"line":35,"column":2},"end":{"line":35,"column":2}},{"start":{"line":35,"column":2},"end":{"line":35,"column":2}}]},"4":{"line":39,"type":"if","locations":[{"start":{"line":39,"column":2},"end":{"line":39,"column":2}},{"start":{"line":39,"column":2},"end":{"line":39,"column":2}}]},"5":{"line":43,"type":"if","locations":[{"start":{"line":43,"column":2},"end":{"line":43,"column":2}},{"start":{"line":43,"column":2},"end":{"line":43,"column":2}}]},"6":{"line":47,"type":"if","locations":[{"start":{"line":47,"column":2},"end":{"line":47,"column":2}},{"start":{"line":47,"column":2},"end":{"line":47,"column":2}}]}}},"/Users/sylvain/Projects/manati/lib/insert.js":{"path":"/Users/sylvain/Projects/manati/lib/insert.js","s":{"1":1,"2":1,"3":1,"4":7,"5":7,"6":7,"7":1,"8":6,"9":1,"10":5,"11":5,"12":7,"13":1,"14":4,"15":4,"16":0,"17":4,"18":4,"19":4,"20":0,"21":0,"22":0,"23":1},"b":{"1":[1,6],"2":[1,5],"3":[1,6],"4":[0,4]},"f":{"1":7,"2":7,"3":0},"fnMap":{"1":{"name":"(anonymous_1)","line":25,"loc":{"start":{"line":25,"column":26},"end":{"line":25,"column":26}}},"2":{"name":"(anonymous_2)","line":36,"loc":{"start":{"line":36,"column":21},"end":{"line":36,"column":21}}},"3":{"name":"(anonymous_3)","line":71,"loc":{"start":{"line":71,"column":21},"end":{"line":71,"column":21}}}},"statementMap":{"1":{"start":{"line":20,"column":0},"end":{"line":20,"column":26}},"2":{"start":{"line":21,"column":0},"end":{"line":21,"column":40}},"3":{"start":{"line":22,"column":0},"end":{"line":22,"column":27}},"4":{"start":{"line":26,"column":4},"end":{"line":26,"column":17}},"5":{"start":{"line":27,"column":4},"end":{"line":27,"column":25}},"6":{"start":{"line":37,"column":4},"end":{"line":39,"column":5}},"7":{"start":{"line":38,"column":6},"end":{"line":38,"column":72}},"8":{"start":{"line":41,"column":4},"end":{"line":43,"column":5}},"9":{"start":{"line":42,"column":6},"end":{"line":42,"column":49}},"10":{"start":{"line":45,"column":4},"end":{"line":45,"column":28}},"11":{"start":{"line":48,"column":4},"end":{"line":52,"column":7}},"12":{"start":{"line":49,"column":6},"end":{"line":51,"column":7}},"13":{"start":{"line":50,"column":8},"end":{"line":50,"column":63}},"14":{"start":{"line":54,"column":4},"end":{"line":54,"column":51}},"15":{"start":{"line":55,"column":4},"end":{"line":60,"column":5}},"16":{"start":{"line":56,"column":6},"end":{"line":56,"column":32}},"17":{"start":{"line":59,"column":6},"end":{"line":59,"column":28}},"18":{"start":{"line":62,"column":4},"end":{"line":62,"column":25}},"19":{"start":{"line":64,"column":4},"end":{"line":64,"column":17}},"20":{"start":{"line":72,"column":4},"end":{"line":72,"column":50}},"21":{"start":{"line":74,"column":4},"end":{"line":74,"column":29}},"22":{"start":{"line":76,"column":4},"end":{"line":76,"column":49}},"23":{"start":{"line":80,"column":0},"end":{"line":80,"column":24}}},"branchMap":{"1":{"line":37,"type":"if","locations":[{"start":{"line":37,"column":4},"end":{"line":37,"column":4}},{"start":{"line":37,"column":4},"end":{"line":37,"column":4}}]},"2":{"line":41,"type":"if","locations":[{"start":{"line":41,"column":4},"end":{"line":41,"column":4}},{"start":{"line":41,"column":4},"end":{"line":41,"column":4}}]},"3":{"line":49,"type":"if","locations":[{"start":{"line":49,"column":6},"end":{"line":49,"column":6}},{"start":{"line":49,"column":6},"end":{"line":49,"column":6}}]},"4":{"line":55,"type":"if","locations":[{"start":{"line":55,"column":4},"end":{"line":55,"column":4}},{"start":{"line":55,"column":4},"end":{"line":55,"column":4}}]}}},"/Users/sylvain/Projects/manati/lib/select.js":{"path":"/Users/sylvain/Projects/manati/lib/select.js","s":{"1":1,"2":1,"3":1,"4":1,"5":3,"6":4,"7":4,"8":4,"9":4,"10":1,"11":3,"12":4,"13":4,"14":4,"15":4,"16":4,"17":3,"18":3,"19":2,"20":3,"21":3,"22":3,"23":0,"24":0,"25":0,"26":1},"b":{"1":[1,3],"2":[4,3],"3":[3,1],"4":[2,1],"5":[3,0]},"f":{"1":3,"2":4,"3":4,"4":0},"fnMap":{"1":{"name":"(anonymous_1)","line":24,"loc":{"start":{"line":24,"column":26},"end":{"line":24,"column":51}}},"2":{"name":"(anonymous_2)","line":39,"loc":{"start":{"line":39,"column":26},"end":{"line":39,"column":26}}},"3":{"name":"(anonymous_3)","line":44,"loc":{"start":{"line":44,"column":23},"end":{"line":44,"column":23}}},"4":{"name":"(anonymous_4)","line":69,"loc":{"start":{"line":69,"column":23},"end":{"line":69,"column":23}}}},"statementMap":{"1":{"start":{"line":20,"column":0},"end":{"line":20,"column":26}},"2":{"start":{"line":21,"column":0},"end":{"line":21,"column":40}},"3":{"start":{"line":22,"column":0},"end":{"line":22,"column":27}},"4":{"start":{"line":24,"column":0},"end":{"line":36,"column":2}},"5":{"start":{"line":25,"column":2},"end":{"line":35,"column":5}},"6":{"start":{"line":26,"column":4},"end":{"line":26,"column":33}},"7":{"start":{"line":27,"column":4},"end":{"line":27,"column":42}},"8":{"start":{"line":28,"column":4},"end":{"line":28,"column":23}},"9":{"start":{"line":30,"column":4},"end":{"line":32,"column":5}},"10":{"start":{"line":31,"column":6},"end":{"line":31,"column":99}},"11":{"start":{"line":34,"column":4},"end":{"line":34,"column":50}},"12":{"start":{"line":40,"column":4},"end":{"line":40,"column":17}},"13":{"start":{"line":41,"column":4},"end":{"line":41,"column":25}},"14":{"start":{"line":46,"column":4},"end":{"line":48,"column":7}},"15":{"start":{"line":50,"column":4},"end":{"line":50,"column":51}},"16":{"start":{"line":53,"column":4},"end":{"line":55,"column":5}},"17":{"start":{"line":54,"column":7},"end":{"line":54,"column":59}},"18":{"start":{"line":58,"column":4},"end":{"line":60,"column":5}},"19":{"start":{"line":59,"column":6},"end":{"line":59,"column":42}},"20":{"start":{"line":62,"column":4},"end":{"line":64,"column":5}},"21":{"start":{"line":63,"column":6},"end":{"line":63,"column":65}},"22":{"start":{"line":66,"column":4},"end":{"line":66,"column":17}},"23":{"start":{"line":70,"column":4},"end":{"line":70,"column":52}},"24":{"start":{"line":72,"column":4},"end":{"line":72,"column":29}},"25":{"start":{"line":74,"column":4},"end":{"line":74,"column":49}},"26":{"start":{"line":78,"column":0},"end":{"line":78,"column":24}}},"branchMap":{"1":{"line":30,"type":"if","locations":[{"start":{"line":30,"column":4},"end":{"line":30,"column":4}},{"start":{"line":30,"column":4},"end":{"line":30,"column":4}}]},"2":{"line":30,"type":"binary-expr","locations":[{"start":{"line":30,"column":8},"end":{"line":30,"column":27}},{"start":{"line":30,"column":31},"end":{"line":30,"column":51}}]},"3":{"line":53,"type":"if","locations":[{"start":{"line":53,"column":4},"end":{"line":53,"column":4}},{"start":{"line":53,"column":4},"end":{"line":53,"column":4}}]},"4":{"line":58,"type":"if","locations":[{"start":{"line":58,"column":4},"end":{"line":58,"column":4}},{"start":{"line":58,"column":4},"end":{"line":58,"column":4}}]},"5":{"line":62,"type":"if","locations":[{"start":{"line":62,"column":4},"end":{"line":62,"column":4}},{"start":{"line":62,"column":4},"end":{"line":62,"column":4}}]}}},"/Users/sylvain/Projects/manati/lib/update.js":{"path":"/Users/sylvain/Projects/manati/lib/update.js","s":{"1":1,"2":1,"3":1,"4":4,"5":4,"6":4,"7":1,"8":3,"9":3,"10":7,"11":1,"12":2,"13":2,"14":2,"15":1,"16":1,"17":1,"18":3,"19":1,"20":1,"21":0,"22":0,"23":0,"24":0,"25":1},"b":{"1":[1,3],"2":[1,6],"3":[1,1]},"f":{"1":4,"2":4,"3":3,"4":0},"fnMap":{"1":{"name":"(anonymous_1)","line":25,"loc":{"start":{"line":25,"column":26},"end":{"line":25,"column":26}}},"2":{"name":"(anonymous_2)","line":30,"loc":{"start":{"line":30,"column":29},"end":{"line":30,"column":29}}},"3":{"name":"(anonymous_3)","line":54,"loc":{"start":{"line":54,"column":18},"end":{"line":54,"column":40}}},"4":{"name":"(anonymous_4)","line":63,"loc":{"start":{"line":63,"column":29},"end":{"line":63,"column":29}}}},"statementMap":{"1":{"start":{"line":20,"column":0},"end":{"line":20,"column":26}},"2":{"start":{"line":21,"column":0},"end":{"line":21,"column":40}},"3":{"start":{"line":22,"column":0},"end":{"line":22,"column":27}},"4":{"start":{"line":26,"column":4},"end":{"line":26,"column":17}},"5":{"start":{"line":27,"column":4},"end":{"line":27,"column":25}},"6":{"start":{"line":31,"column":4},"end":{"line":33,"column":5}},"7":{"start":{"line":32,"column":6},"end":{"line":32,"column":58}},"8":{"start":{"line":35,"column":4},"end":{"line":35,"column":28}},"9":{"start":{"line":38,"column":4},"end":{"line":42,"column":7}},"10":{"start":{"line":39,"column":6},"end":{"line":41,"column":7}},"11":{"start":{"line":40,"column":8},"end":{"line":40,"column":63}},"12":{"start":{"line":44,"column":4},"end":{"line":44,"column":52}},"13":{"start":{"line":46,"column":4},"end":{"line":46,"column":33}},"14":{"start":{"line":48,"column":4},"end":{"line":50,"column":5}},"15":{"start":{"line":49,"column":6},"end":{"line":49,"column":118}},"16":{"start":{"line":52,"column":4},"end":{"line":52,"column":63}},"17":{"start":{"line":54,"column":4},"end":{"line":56,"column":7}},"18":{"start":{"line":55,"column":6},"end":{"line":55,"column":28}},"19":{"start":{"line":58,"column":4},"end":{"line":58,"column":25}},"20":{"start":{"line":60,"column":4},"end":{"line":60,"column":17}},"21":{"start":{"line":64,"column":4},"end":{"line":64,"column":48}},"22":{"start":{"line":66,"column":4},"end":{"line":66,"column":28}},"23":{"start":{"line":68,"column":4},"end":{"line":68,"column":29}},"24":{"start":{"line":70,"column":4},"end":{"line":70,"column":49}},"25":{"start":{"line":74,"column":0},"end":{"line":74,"column":24}}},"branchMap":{"1":{"line":31,"type":"if","locations":[{"start":{"line":31,"column":4},"end":{"line":31,"column":4}},{"start":{"line":31,"column":4},"end":{"line":31,"column":4}}]},"2":{"line":39,"type":"if","locations":[{"start":{"line":39,"column":6},"end":{"line":39,"column":6}},{"start":{"line":39,"column":6},"end":{"line":39,"column":6}}]},"3":{"line":48,"type":"if","locations":[{"start":{"line":48,"column":4},"end":{"line":48,"column":4}},{"start":{"line":48,"column":4},"end":{"line":48,"column":4}}]}}}}