TN:
SF:/Users/sylvain/Projects/manati/lib/delete.js
FN:25,(anonymous_1)
FN:30,(anonymous_2)
FN:47,(anonymous_3)
FNF:3
FNH:2
FNDA:2,(anonymous_1)
FNDA:2,(anonymous_2)
FNDA:0,(anonymous_3)
DA:20,1
DA:21,1
DA:22,1
DA:26,2
DA:27,2
DA:31,2
DA:33,2
DA:35,2
DA:36,1
DA:40,1
DA:42,1
DA:44,1
DA:48,0
DA:50,0
DA:52,0
DA:56,1
LF:16
LH:13
BRDA:35,1,0,1
BRDA:35,1,1,1
BRF:2
BRH:2
end_of_record
TN:
SF:/Users/sylvain/Projects/manati/lib/queryBuilder.js
FN:25,(anonymous_1)
FN:29,(anonymous_2)
FN:39,(anonymous_3)
FN:93,(anonymous_4)
FNF:4
FNH:4
FNDA:1,(anonymous_1)
FNDA:29,(anonymous_2)
FNDA:29,(anonymous_3)
FNDA:8,(anonymous_4)
DA:20,1
DA:21,1
DA:23,1
DA:25,1
DA:26,1
DA:29,1
DA:31,29
DA:32,0
DA:33,0
DA:36,29
DA:39,1
DA:40,29
DA:42,29
DA:43,13
DA:44,13
DA:47,29
DA:49,16
DA:50,16
DA:52,3
DA:53,3
DA:55,1
DA:56,1
DA:58,1
DA:59,1
DA:61,1
DA:62,1
DA:64,0
DA:65,0
DA:67,1
DA:68,1
DA:69,1
DA:71,1
DA:72,1
DA:73,1
DA:76,2
DA:77,2
DA:80,2
DA:81,2
DA:83,1
DA:84,0
DA:87,28
DA:93,1
DA:94,8
DA:95,16
DA:97,16
DA:99,16
DA:101,16
DA:102,0
DA:106,16
DA:108,16
DA:111,8
DA:114,1
DA:115,1
DA:116,1
DA:117,1
LF:55
LH:49
BRDA:31,1,0,0
BRDA:31,1,1,29
BRDA:42,2,0,13
BRDA:42,2,1,16
BRDA:47,3,0,16
BRDA:47,3,1,3
BRDA:47,3,2,1
BRDA:47,3,3,1
BRDA:47,3,4,1
BRDA:47,3,5,0
BRDA:47,3,6,1
BRDA:47,3,7,1
BRDA:47,3,8,1
BRDA:47,3,9,2
BRDA:47,3,10,1
BRDA:47,3,11,2
BRDA:47,3,12,1
BRDA:101,4,0,0
BRDA:101,4,1,16
BRF:19
BRH:16
end_of_record
TN:
SF:/Users/sylvain/Projects/manati/lib/errorHandler.js
FN:22,(anonymous_1)
FNF:1
FNH:1
FNDA:4,(anonymous_1)
DA:20,1
DA:22,1
DA:23,4
DA:24,4
DA:26,4
DA:27,0
DA:30,4
DA:32,1
DA:35,3
DA:36,0
DA:39,3
DA:40,0
DA:43,3
DA:44,1
DA:47,2
DA:48,1
DA:51,1
LF:17
LH:14
BRDA:26,1,0,0
BRDA:26,1,1,4
BRDA:30,2,0,1
BRDA:30,2,1,3
BRDA:35,3,0,0
BRDA:35,3,1,3
BRDA:39,4,0,0
BRDA:39,4,1,3
BRDA:43,5,0,1
BRDA:43,5,1,2
BRDA:47,6,0,1
BRDA:47,6,1,1
BRF:12
BRH:9
end_of_record
TN:
SF:/Users/sylvain/Projects/manati/lib/insert.js
FN:25,(anonymous_1)
FN:36,(anonymous_2)
FN:71,(anonymous_3)
FNF:3
FNH:2
FNDA:7,(anonymous_1)
FNDA:7,(anonymous_2)
FNDA:0,(anonymous_3)
DA:20,1
DA:21,1
DA:22,1
DA:26,7
DA:27,7
DA:37,7
DA:38,1
DA:41,6
DA:42,1
DA:45,5
DA:48,5
DA:49,7
DA:50,1
DA:54,4
DA:55,4
DA:56,0
DA:59,4
DA:62,4
DA:64,4
DA:72,0
DA:74,0
DA:76,0
DA:80,1
LF:23
LH:19
BRDA:37,1,0,1
BRDA:37,1,1,6
BRDA:41,2,0,1
BRDA:41,2,1,5
BRDA:49,3,0,1
BRDA:49,3,1,6
BRDA:55,4,0,0
BRDA:55,4,1,4
BRF:8
BRH:7
end_of_record
TN:
SF:/Users/sylvain/Projects/manati/lib/select.js
FN:24,(anonymous_1)
FN:39,(anonymous_2)
FN:44,(anonymous_3)
FN:69,(anonymous_4)
FNF:4
FNH:3
FNDA:3,(anonymous_1)
FNDA:4,(anonymous_2)
FNDA:4,(anonymous_3)
FNDA:0,(anonymous_4)
DA:20,1
DA:21,1
DA:22,1
DA:24,1
DA:25,3
DA:26,4
DA:27,4
DA:28,4
DA:30,4
DA:31,1
DA:34,3
DA:40,4
DA:41,4
DA:46,4
DA:50,4
DA:53,4
DA:54,3
DA:58,3
DA:59,2
DA:62,3
DA:63,3
DA:66,3
DA:70,0
DA:72,0
DA:74,0
DA:78,1
LF:26
LH:23
BRDA:30,1,0,1
BRDA:30,1,1,3
BRDA:30,2,0,4
BRDA:30,2,1,3
BRDA:53,3,0,3
BRDA:53,3,1,1
BRDA:58,4,0,2
BRDA:58,4,1,1
BRDA:62,5,0,3
BRDA:62,5,1,0
BRF:10
BRH:9
end_of_record
TN:
SF:/Users/sylvain/Projects/manati/lib/update.js
FN:25,(anonymous_1)
FN:30,(anonymous_2)
FN:54,(anonymous_3)
FN:63,(anonymous_4)
FNF:4
FNH:3
FNDA:4,(anonymous_1)
FNDA:4,(anonymous_2)
FNDA:3,(anonymous_3)
FNDA:0,(anonymous_4)
DA:20,1
DA:21,1
DA:22,1
DA:26,4
DA:27,4
DA:31,4
DA:32,1
DA:35,3
DA:38,3
DA:39,7
DA:40,1
DA:44,2
DA:46,2
DA:48,2
DA:49,1
DA:52,1
DA:54,1
DA:55,3
DA:58,1
DA:60,1
DA:64,0
DA:66,0
DA:68,0
DA:70,0
DA:74,1
LF:25
LH:21
BRDA:31,1,0,1
BRDA:31,1,1,3
BRDA:39,2,0,1
BRDA:39,2,1,6
BRDA:48,3,0,1
BRDA:48,3,1,1
BRF:6
BRH:6
end_of_record
